/mnt/c/Users/Afsana/Documents/TheDataSchoolApplication/NYCcafeDataAnalysis/fetch_cafe_data.py:10: SyntaxWarning: invalid escape sequence '\D'
  INPUT_FILE = "data\DOHMH_New_York_City_Restaurant_Inspection_Results.csv"
Loading data...
Traceback (most recent call last):
  File "/mnt/c/Users/Afsana/Documents/TheDataSchoolApplication/NYCcafeDataAnalysis/fetch_cafe_data.py", line 21, in <module>
    df = pd.read_csv(INPUT_FILE)
         ^^^^^^^^^^^^^^^^^^^^^^^
  File "/mnt/c/Users/Afsana/Documents/TheDataSchoolApplication/NYCcafeDataAnalysis/venv/lib/python3.12/site-packages/pandas/io/parsers/readers.py", line 873, in read_csv
    return _read(filepath_or_buffer, kwds)
           ^^^^^^^^^^^^^^^^^^^^^^^^^^^^^^^
  File "/mnt/c/Users/Afsana/Documents/TheDataSchoolApplication/NYCcafeDataAnalysis/venv/lib/python3.12/site-packages/pandas/io/parsers/readers.py", line 300, in _read
    parser = TextFileReader(filepath_or_buffer, **kwds)
             ^^^^^^^^^^^^^^^^^^^^^^^^^^^^^^^^^^^^^^^^^^
  File "/mnt/c/Users/Afsana/Documents/TheDataSchoolApplication/NYCcafeDataAnalysis/venv/lib/python3.12/site-packages/pandas/io/parsers/readers.py", line 1645, in __init__
    self._engine = self._make_engine(f, self.engine)
                   ^^^^^^^^^^^^^^^^^^^^^^^^^^^^^^^^^
  File "/mnt/c/Users/Afsana/Documents/TheDataSchoolApplication/NYCcafeDataAnalysis/venv/lib/python3.12/site-packages/pandas/io/parsers/readers.py", line 1904, in _make_engine
    self.handles = get_handle(
                   ^^^^^^^^^^^
  File "/mnt/c/Users/Afsana/Documents/TheDataSchoolApplication/NYCcafeDataAnalysis/venv/lib/python3.12/site-packages/pandas/io/common.py", line 926, in get_handle
    handle = open(
             ^^^^^
FileNotFoundError: [Errno 2] No such file or directory: 'data\\DOHMH_New_York_City_Restaurant_Inspection_Results.csv'
